-------------------- Log Start | Sat Jul  8 10:48:50 2023 --------------------
data_path: /home/pi/printer_data
is_default_data_path: False
config_file: /home/pi/printer_data/config/moonraker.conf
startup_warnings: []
verbose: False
debug: False
asyncio_debug: False
is_backup_config: False
is_python_package: True
instance_uuid: f421b0511bf249bd88bb9743a1f6ce4d
software_version: v0.8.0-87-g8eddec8
git_branch: master
git_remote: origin
git_repo_url: https://github.com/Arksine/moonraker.git
modified_files: []
unofficial_components: []
log_file: /home/pi/printer_data/logs/moonraker.log
python_version: 3.9.2 (default, Feb 28 2021, 17:03:44)  [GCC 10.2.1 20210110]

#################### Moonraker Configuration ####################

[server]
host = 0.0.0.0
port = 7125
max_upload_size = 1024
klippy_uds_address = ~/printer_data/comms/klippy.sock

[file_manager]
enable_object_processing = True

[authorization]
cors_domains = 
	https://my.mainsail.xyz
	http://my.mainsail.xyz
	http://*.local
	http://*.lan
trusted_clients = 
	127.0.0.1
	10.0.0.0/8
	127.0.0.0/8
	169.254.0.0/16
	172.16.0.0/12
	192.168.0.0/16
	FE80::/10
	::1/128

[octoprint_compat]

[history]

[announcements]
subscriptions = 
	mainsail

[update_manager]
refresh_interval = 168
enable_auto_refresh = True

[update_manager mainsail]
type = web
channel = stable
repo = mainsail-crew/mainsail
path = ~/mainsail

[update_manager mainsail-config]
type = git_repo
primary_branch = master
path = ~/mainsail-config
origin = https://github.com/mainsail-crew/mainsail-config.git
managed_services = klipper

[update_manager crowsnest]
type = git_repo
path = ~/crowsnest
origin = https://github.com/mainsail-crew/crowsnest.git
managed_services = crowsnest
install_script = tools/pkglist.sh

[update_manager sonar]
type = git_repo
path = ~/sonar
origin = https://github.com/mainsail-crew/sonar.git
primary_branch = main
managed_services = sonar
install_script = tools/install.sh

[update_manager Klipper-Adaptive-Meshing-Purging]
type = git_repo
channel = dev
path = ~/Klipper-Adaptive-Meshing-Purging
origin = https://github.com/kyleisah/Klipper-Adaptive-Meshing-Purging.git
managed_services = klipper
primary_branch = main

[update_manager moonraker-telegram-bot]
type = git_repo
path = ~/moonraker-telegram-bot
origin = https://github.com/nlef/moonraker-telegram-bot.git
env = ~/moonraker-telegram-bot-env/bin/python
requirements = scripts/requirements.txt
install_script = scripts/install.sh

#################################################################
All Configuration Files:
/home/pi/printer_data/config/moonraker.conf
#################################################################
Unsafe Shutdown Count: 0

System Info:

***python***
  version: sys.version_info(major=3, minor=9, micro=2, releaselevel='final', serial=0)
  version_string: 3.9.2 (default, Feb 28 2021, 17:03:44)  [GCC 10.2.1 20210110]

***cpu_info***
  cpu_count: 4
  bits: 64bit
  processor: aarch64
  cpu_desc: 
  serial_number: 1000000000713210
  hardware_desc: BCM2835
  model: Raspberry Pi 4 Model B Rev 1.4
  total_memory: 7819948
  memory_units: kB

***sd_info***
  manufacturer_id: 03
  manufacturer: Sandisk
  oem_id: 5344
  product_name: SN128
  product_revision: 8.6
  serial_number: 5dcf8ef3
  manufacturer_date: 8/2022
  capacity: 119.1 GiB
  total_bytes: 127865454592

***distribution***
  name: Debian GNU/Linux 11 (bullseye)
  id: debian
  version: 11
  version_parts: {'major': '11', 'minor': '', 'build_number': ''}
  like: 
  codename: bullseye
  release_info: {'name': 'MainsailOS', 'version_id': '1.2.1', 'codename': 'bullseye', 'id': 'mainsailos'}

***virtualization***
  virt_type: none
  virt_identifier: none

***network***

***canbus***

***Allowed Services***
  klipper_mcu
  webcamd
  MoonCord
  KlipperScreen
  moonraker-telegram-bot
  moonraker-obico
  sonar
  crowsnest
  octoeverywhere
  ratos-configurator

Systemd unit moonraker.service:
unit_name: moonraker.service
is_default: True
manager: systemd
Properties:
**Requires=['sysinit.target', 'system.slice', 'network-online.target']
**After=['network-online.target', 'klipper.service', 'sysinit.target', 'system.slice', 'systemd-journald.socket', 'basic.target']
**SupplementaryGroups=['moonraker-admin']
**EnvironmentFiles=/home/pi/printer_data/systemd/moonraker.env
**ExecStart=/home/pi/moonraker-env/bin/python $MOONRAKER_ARGS
**WorkingDirectory=
**FragmentPath=/etc/systemd/system/moonraker.service
**Description=API Server for Klipper SV1
**User=pi

Systemd unit klipper.service:
unit_name: klipper.service
is_default: True
manager: systemd
Properties:
**Requires=['system.slice', '-.mount', 'sysinit.target']
**After=['-.mount', 'sysinit.target', 'system.slice', 'systemd-journald.socket', 'network-online.target', 'basic.target']
**SupplementaryGroups=[]
**EnvironmentFiles=/home/pi/printer_data/systemd/klipper.env
**ExecStart=/home/pi/klippy-env/bin/python $KLIPPER_ARGS
**WorkingDirectory=/home/pi/klipper
**FragmentPath=/etc/systemd/system/klipper.service
**Description=Klipper 3D Printer Firmware SV1
**User=pi
Klipper Version: v0.11.0-240-g6d48adf9-dirty
2023-07-08 07:48:50,978 [authorization.py:_check_trusted_connection()] - Trusted Connection Detected, IP: 192.168.2.11
2023-07-08 07:48:50,980 [app.py:log_request()] - 101 GET /websocket (192.168.2.11) [_TRUSTED_USER_] 4.97ms
2023-07-08 07:48:50,980 [websockets.py:open()] - Websocket Opened: ID: 548487003392, Proxied: True, User Agent: Mozilla/5.0 (Windows NT 10.0; Win64; x64) AppleWebKit/537.36 (KHTML, like Gecko) Chrome/114.0.0.0 Safari/537.36, Host Name: 192.168.2.20
2023-07-08 07:48:50,989 [websockets.py:_handle_identify()] - Websocket 548487003392 Client Identified - Name: mainsail, Version: 2.6.0, Type: web
2023-07-08 07:49:02,902 [klippy_connection.py:_on_connection_closed()] - Klippy Connection Removed
2023-07-08 07:49:03,039 [common.py:build_error()] - JSON-RPC Request Error - Requested Method: printer.info, Code: 503
Klippy Host not connected
Traceback (most recent call last):
  File "/home/pi/moonraker/moonraker/common.py", line 547, in execute_method
    result = await callback(params)
  File "/home/pi/moonraker/moonraker/websockets.py", line 113, in func
    result = await callback(
  File "/home/pi/moonraker/moonraker/klippy_connection.py", line 512, in request
    raise ServerError("Klippy Host not connected", 503)
moonraker.utils.ServerError: Klippy Host not connected
2023-07-08 07:49:04,165 [klippy_connection.py:_do_connect()] - Klippy Connection Established
2023-07-08 07:49:06,145 [app.py:log_request()] - 404 GET /machine/device_power/devices (127.0.0.1) [No User] 1.95ms
2023-07-08 07:49:06,477 [file_manager.py:get_file_list()] - Updating File List <gcodes>...
2023-07-08 07:49:06,917 [klippy_connection.py:_request_initial_subscriptions()] - Webhooks Subscribed
2023-07-08 07:49:06,919 [klippy_connection.py:_request_initial_subscriptions()] - GCode Output Subscribed
2023-07-08 07:49:07,168 [job_state.py:_handle_started()] - Job state initialized: standby
2023-07-08 07:49:07,432 [klippy_connection.py:_check_ready()] - Klippy ready
2023-07-08 07:49:07,926 [data_store.py:_init_sensors()] - Configuring available sensors: ['heater_bed', 'temperature_sensor raspberry_pi', 'temperature_sensor mcu_temp', 'extruder']
2023-07-08 07:53:13,576 [klippy_connection.py:wait()] - Request 'gcode/script' pending: 60.00 seconds
2023-07-08 07:53:21,364 [klippy_connection.py:_on_connection_closed()] - Klippy Connection Removed
2023-07-08 07:53:22,624 [klippy_connection.py:_do_connect()] - Klippy Connection Established
2023-07-08 07:53:25,146 [app.py:log_request()] - 404 GET /machine/device_power/devices (127.0.0.1) [No User] 2.00ms
2023-07-08 07:53:25,439 [klippy_connection.py:_request_initial_subscriptions()] - Webhooks Subscribed
2023-07-08 07:53:25,441 [klippy_connection.py:_request_initial_subscriptions()] - GCode Output Subscribed
2023-07-08 07:53:25,511 [file_manager.py:get_file_list()] - Updating File List <gcodes>...
2023-07-08 07:53:25,676 [job_state.py:_handle_started()] - Job state initialized: standby
2023-07-08 07:53:25,930 [klippy_connection.py:_check_ready()] - Klippy ready
2023-07-08 07:53:26,427 [data_store.py:_init_sensors()] - Configuring available sensors: ['heater_bed', 'temperature_sensor raspberry_pi', 'temperature_sensor mcu_temp', 'extruder']
2023-07-08 07:55:19,098 [file_manager.py:get_file_list()] - Updating File List <gcodes>...
2023-07-08 07:55:24,793 [job_state.py:_status_update()] - Job Started: Ethernet_Cover_v2_default_6m_0,20mm_205C_PLA_ENDER3BLTOUCH.gcode
2023-07-08 08:05:21,545 [job_state.py:_status_update()] - Job Started: Ethernet_Cover_v2_default_6m_0,20mm_205C_PLA_ENDER3BLTOUCH.gcode
2023-07-08 08:13:02,850 [job_state.py:_status_update()] - Job Started: Ethernet_Cover_v2_default_6m_0,20mm_205C_PLA_ENDER3BLTOUCH.gcode
2023-07-08 08:20:54,563 [update_manager.py:refresh()] - Detected 0 package updates:

2023-07-08 08:20:54,581 [shell_command.py:_check_proc_success()] - Command (git -C /home/pi/moonraker status -u no) successfully finished
2023-07-08 08:20:54,595 [shell_command.py:_check_proc_success()] - Command (git -C /home/pi/moonraker config --get branch.master.remote) successfully finished
2023-07-08 08:20:54,609 [shell_command.py:_check_proc_success()] - Command (git -C /home/pi/moonraker remote get-url origin) successfully finished
2023-07-08 08:20:55,126 [shell_command.py:_check_proc_success()] - Command (git -C /home/pi/moonraker fetch origin --prune --progress) successfully finished
2023-07-08 08:20:55,142 [shell_command.py:_check_proc_success()] - Command (git -C /home/pi/moonraker merge-base --is-ancestor HEAD origin/master) successfully finished
2023-07-08 08:20:55,157 [shell_command.py:_check_proc_success()] - Command (git -C /home/pi/moonraker branch --list) successfully finished
2023-07-08 08:20:55,172 [shell_command.py:_check_proc_success()] - Command (git -C /home/pi/moonraker rev-parse HEAD) successfully finished
2023-07-08 08:20:55,193 [shell_command.py:_check_proc_success()] - Command (git -C /home/pi/moonraker describe --always --tags --long --dirty) successfully finished
2023-07-08 08:20:55,207 [shell_command.py:_check_proc_success()] - Command (git -C /home/pi/moonraker rev-parse origin/master) successfully finished
2023-07-08 08:20:55,230 [shell_command.py:_check_proc_success()] - Command (git -C /home/pi/moonraker describe origin/master --always --tags --long) successfully finished
2023-07-08 08:20:55,247 [shell_command.py:_check_proc_success()] - Command (git -C /home/pi/moonraker rev-list --tags --max-count=1) successfully finished
2023-07-08 08:20:55,262 [shell_command.py:_check_proc_success()] - Command (git -C /home/pi/moonraker describe --tags d549af915fe50c2e274dc99ac0b772ae0276646e) successfully finished
2023-07-08 08:20:55,264 [git_deploy.py:log_repo_info()] - Git Repo moonraker Detected:
Owner: Arksine
Repository Name: moonraker
Path: /home/pi/moonraker
Remote: origin
Branch: master
Remote URL: https://github.com/Arksine/moonraker.git
Recovery URL: https://github.com/Arksine/moonraker.git
Current Commit SHA: 8eddec88cbcdf0515e086367630068df8379375c
Upstream Commit SHA: 8eddec88cbcdf0515e086367630068df8379375c
Current Version: v0.8.0-87
Upstream Version: v0.8.0-87
Is Dirty: False
Is Detached: False
Commits Behind: 0
Diverged: False
2023-07-08 08:20:55,264 [base_deploy.py:log_info()] - Git Repo moonraker: Channel: dev
2023-07-08 08:20:55,264 [base_deploy.py:log_info()] - Git Repo moonraker: Validity check for git repo passed
2023-07-08 08:20:55,284 [shell_command.py:_check_proc_success()] - Command (git -C /home/pi/klipper status -u no) successfully finished
2023-07-08 08:20:55,298 [shell_command.py:_check_proc_success()] - Command (git -C /home/pi/klipper config --get branch.master.remote) successfully finished
2023-07-08 08:20:55,312 [shell_command.py:_check_proc_success()] - Command (git -C /home/pi/klipper remote get-url origin) successfully finished
2023-07-08 08:20:55,817 [shell_command.py:_check_proc_success()] - Command (git -C /home/pi/klipper fetch origin --prune --progress) successfully finished
2023-07-08 08:20:55,833 [shell_command.py:_check_proc_success()] - Command (git -C /home/pi/klipper merge-base --is-ancestor HEAD origin/master) successfully finished
2023-07-08 08:20:55,848 [shell_command.py:_check_proc_success()] - Command (git -C /home/pi/klipper branch --list) successfully finished
2023-07-08 08:20:55,862 [shell_command.py:_check_proc_success()] - Command (git -C /home/pi/klipper rev-parse HEAD) successfully finished
2023-07-08 08:20:55,960 [shell_command.py:_check_proc_success()] - Command (git -C /home/pi/klipper describe --always --tags --long --dirty) successfully finished
2023-07-08 08:20:55,974 [shell_command.py:_check_proc_success()] - Command (git -C /home/pi/klipper rev-parse origin/master) successfully finished
2023-07-08 08:20:56,068 [shell_command.py:_check_proc_success()] - Command (git -C /home/pi/klipper describe origin/master --always --tags --long) successfully finished
2023-07-08 08:20:56,084 [shell_command.py:_check_proc_success()] - Command (git -C /home/pi/klipper rev-list --tags --max-count=1) successfully finished
2023-07-08 08:20:56,100 [shell_command.py:_check_proc_success()] - Command (git -C /home/pi/klipper describe --tags e02b725602067a2cd098a62be9a4bb10fc74a9bd) successfully finished
2023-07-08 08:20:56,101 [git_deploy.py:log_repo_info()] - Git Repo klipper Detected:
Owner: Klipper3d
Repository Name: klipper
Path: /home/pi/klipper
Remote: origin
Branch: master
Remote URL: https://github.com/Klipper3d/klipper.git
Recovery URL: https://github.com/Klipper3d/klipper.git
Current Commit SHA: 6d48adf9ef5d17632acf53a7e3a07964f6cfd642
Upstream Commit SHA: 6d48adf9ef5d17632acf53a7e3a07964f6cfd642
Current Version: v0.11.0-240
Upstream Version: v0.11.0-240
Is Dirty: False
Is Detached: False
Commits Behind: 0
Diverged: False
2023-07-08 08:20:56,101 [base_deploy.py:log_info()] - Git Repo klipper: Channel: dev
2023-07-08 08:20:56,101 [base_deploy.py:log_info()] - Git Repo klipper: Validity check for git repo passed
2023-07-08 08:20:56,340 [update_manager.py:_log_client_info()] - Web Client mainsail Detected:
Repo: mainsail-crew/mainsail
Channel: stable
Path: /home/pi/mainsail
Local Version: v2.6.0
Remote Version: v2.6.0
Valid: True
Fallback Client Detected: True
Pre-release: False
Download Url: https://github.com/mainsail-crew/mainsail/releases/download/v2.6.0/mainsail.zip
Download Size: 2098583
Content Type: application/zip
2023-07-08 08:20:56,358 [shell_command.py:_check_proc_success()] - Command (git -C /home/pi/mainsail-config status -u no) successfully finished
2023-07-08 08:20:56,372 [shell_command.py:_check_proc_success()] - Command (git -C /home/pi/mainsail-config config --get branch.master.remote) successfully finished
2023-07-08 08:20:56,386 [shell_command.py:_check_proc_success()] - Command (git -C /home/pi/mainsail-config remote get-url origin) successfully finished
2023-07-08 08:20:56,902 [shell_command.py:_check_proc_success()] - Command (git -C /home/pi/mainsail-config fetch origin --prune --progress) successfully finished
2023-07-08 08:20:56,917 [shell_command.py:_check_proc_success()] - Command (git -C /home/pi/mainsail-config merge-base --is-ancestor HEAD origin/master) successfully finished
2023-07-08 08:20:56,932 [shell_command.py:_check_proc_success()] - Command (git -C /home/pi/mainsail-config branch --list) successfully finished
2023-07-08 08:20:56,945 [shell_command.py:_check_proc_success()] - Command (git -C /home/pi/mainsail-config rev-parse HEAD) successfully finished
2023-07-08 08:20:56,962 [shell_command.py:_check_proc_success()] - Command (git -C /home/pi/mainsail-config describe --always --tags --long --dirty) successfully finished
2023-07-08 08:20:56,976 [shell_command.py:_check_proc_success()] - Command (git -C /home/pi/mainsail-config rev-parse origin/master) successfully finished
2023-07-08 08:20:56,994 [shell_command.py:_check_proc_success()] - Command (git -C /home/pi/mainsail-config describe origin/master --always --tags --long) successfully finished
2023-07-08 08:20:57,011 [shell_command.py:_check_proc_success()] - Command (git -C /home/pi/mainsail-config rev-list --tags --max-count=1) successfully finished
2023-07-08 08:20:57,025 [shell_command.py:_check_proc_success()] - Command (git -C /home/pi/mainsail-config describe --tags 1d096a14c7835ef3b1ec63971f8e1b6295a2f3dd) successfully finished
2023-07-08 08:20:57,026 [git_deploy.py:log_repo_info()] - Git Repo mainsail-config Detected:
Owner: mainsail-crew
Repository Name: mainsail-config
Path: /home/pi/mainsail-config
Remote: origin
Branch: master
Remote URL: https://github.com/mainsail-crew/mainsail-config.git
Recovery URL: https://github.com/mainsail-crew/mainsail-config.git
Current Commit SHA: e954ed17009461dfef3818f993bcefb7e541822b
Upstream Commit SHA: e954ed17009461dfef3818f993bcefb7e541822b
Current Version: v1.0.0-14
Upstream Version: v1.0.0-14
Is Dirty: False
Is Detached: False
Commits Behind: 0
Diverged: False
2023-07-08 08:20:57,026 [base_deploy.py:log_info()] - Git Repo mainsail-config: Channel: dev
2023-07-08 08:20:57,027 [base_deploy.py:log_info()] - Git Repo mainsail-config: Validity check for git repo passed
2023-07-08 08:20:57,045 [shell_command.py:_check_proc_success()] - Command (git -C /home/pi/crowsnest status -u no) successfully finished
2023-07-08 08:20:57,060 [shell_command.py:_check_proc_success()] - Command (git -C /home/pi/crowsnest config --get branch.master.remote) successfully finished
2023-07-08 08:20:57,074 [shell_command.py:_check_proc_success()] - Command (git -C /home/pi/crowsnest remote get-url origin) successfully finished
2023-07-08 08:20:57,600 [shell_command.py:_check_proc_success()] - Command (git -C /home/pi/crowsnest fetch origin --prune --progress) successfully finished
2023-07-08 08:20:57,616 [shell_command.py:_check_proc_success()] - Command (git -C /home/pi/crowsnest merge-base --is-ancestor HEAD origin/master) successfully finished
2023-07-08 08:20:57,630 [shell_command.py:_check_proc_success()] - Command (git -C /home/pi/crowsnest branch --list) successfully finished
2023-07-08 08:20:57,643 [shell_command.py:_check_proc_success()] - Command (git -C /home/pi/crowsnest rev-parse HEAD) successfully finished
2023-07-08 08:20:57,661 [shell_command.py:_check_proc_success()] - Command (git -C /home/pi/crowsnest describe --always --tags --long --dirty) successfully finished
2023-07-08 08:20:57,675 [shell_command.py:_check_proc_success()] - Command (git -C /home/pi/crowsnest rev-parse origin/master) successfully finished
2023-07-08 08:20:57,692 [shell_command.py:_check_proc_success()] - Command (git -C /home/pi/crowsnest describe origin/master --always --tags --long) successfully finished
2023-07-08 08:20:57,709 [shell_command.py:_check_proc_success()] - Command (git -C /home/pi/crowsnest rev-list --tags --max-count=1) successfully finished
2023-07-08 08:20:57,724 [shell_command.py:_check_proc_success()] - Command (git -C /home/pi/crowsnest describe --tags b0c011b4ef9aea19352b90cab7d06383eef555eb) successfully finished
2023-07-08 08:20:57,725 [git_deploy.py:log_repo_info()] - Git Repo crowsnest Detected:
Owner: mainsail-crew
Repository Name: crowsnest
Path: /home/pi/crowsnest
Remote: origin
Branch: master
Remote URL: https://github.com/mainsail-crew/crowsnest.git
Recovery URL: https://github.com/mainsail-crew/crowsnest.git
Current Commit SHA: 8b54eae98dcb5de73f5aab121805ef018cda5052
Upstream Commit SHA: 8b54eae98dcb5de73f5aab121805ef018cda5052
Current Version: v4.0.2-2
Upstream Version: v4.0.2-2
Is Dirty: False
Is Detached: False
Commits Behind: 0
Diverged: False
2023-07-08 08:20:57,725 [base_deploy.py:log_info()] - Git Repo crowsnest: Channel: dev
2023-07-08 08:20:57,725 [base_deploy.py:log_info()] - Git Repo crowsnest: Validity check for git repo passed
2023-07-08 08:20:57,746 [shell_command.py:_check_proc_success()] - Command (git -C /home/pi/sonar status -u no) successfully finished
2023-07-08 08:20:57,762 [shell_command.py:_check_proc_success()] - Command (git -C /home/pi/sonar config --get branch.main.remote) successfully finished
2023-07-08 08:20:57,776 [shell_command.py:_check_proc_success()] - Command (git -C /home/pi/sonar remote get-url origin) successfully finished
2023-07-08 08:20:58,287 [shell_command.py:_check_proc_success()] - Command (git -C /home/pi/sonar fetch origin --prune --progress) successfully finished
2023-07-08 08:20:58,302 [shell_command.py:_check_proc_success()] - Command (git -C /home/pi/sonar merge-base --is-ancestor HEAD origin/main) successfully finished
2023-07-08 08:20:58,316 [shell_command.py:_check_proc_success()] - Command (git -C /home/pi/sonar branch --list) successfully finished
2023-07-08 08:20:58,330 [shell_command.py:_check_proc_success()] - Command (git -C /home/pi/sonar rev-parse HEAD) successfully finished
2023-07-08 08:20:58,346 [shell_command.py:_check_proc_success()] - Command (git -C /home/pi/sonar describe --always --tags --long --dirty) successfully finished
2023-07-08 08:20:58,361 [shell_command.py:_check_proc_success()] - Command (git -C /home/pi/sonar rev-parse origin/main) successfully finished
2023-07-08 08:20:58,376 [shell_command.py:_check_proc_success()] - Command (git -C /home/pi/sonar describe origin/main --always --tags --long) successfully finished
2023-07-08 08:20:58,391 [shell_command.py:_check_proc_success()] - Command (git -C /home/pi/sonar rev-list --tags --max-count=1) successfully finished
2023-07-08 08:20:58,406 [shell_command.py:_check_proc_success()] - Command (git -C /home/pi/sonar describe --tags 7962a1225ad88fa2a642ae2b378637491b4b2710) successfully finished
2023-07-08 08:20:58,407 [git_deploy.py:log_repo_info()] - Git Repo sonar Detected:
Owner: mainsail-crew
Repository Name: sonar
Path: /home/pi/sonar
Remote: origin
Branch: main
Remote URL: https://github.com/mainsail-crew/sonar.git
Recovery URL: https://github.com/mainsail-crew/sonar.git
Current Commit SHA: 7962a1225ad88fa2a642ae2b378637491b4b2710
Upstream Commit SHA: 7962a1225ad88fa2a642ae2b378637491b4b2710
Current Version: v0.1.2-0
Upstream Version: v0.1.2-0
Is Dirty: False
Is Detached: False
Commits Behind: 0
Diverged: False
2023-07-08 08:20:58,407 [base_deploy.py:log_info()] - Git Repo sonar: Channel: dev
2023-07-08 08:20:58,407 [base_deploy.py:log_info()] - Git Repo sonar: Validity check for git repo passed
2023-07-08 08:20:58,427 [shell_command.py:_check_proc_success()] - Command (git -C /home/pi/Klipper-Adaptive-Meshing-Purging status -u no) successfully finished
2023-07-08 08:20:58,440 [shell_command.py:_check_proc_success()] - Command (git -C /home/pi/Klipper-Adaptive-Meshing-Purging config --get branch.main.remote) successfully finished
2023-07-08 08:20:58,454 [shell_command.py:_check_proc_success()] - Command (git -C /home/pi/Klipper-Adaptive-Meshing-Purging remote get-url origin) successfully finished
2023-07-08 08:20:59,183 [shell_command.py:_check_proc_success()] - Command (git -C /home/pi/Klipper-Adaptive-Meshing-Purging fetch origin --prune --progress) successfully finished
2023-07-08 08:20:59,199 [shell_command.py:_check_proc_success()] - Command (git -C /home/pi/Klipper-Adaptive-Meshing-Purging merge-base --is-ancestor HEAD origin/main) successfully finished
2023-07-08 08:20:59,213 [shell_command.py:_check_proc_success()] - Command (git -C /home/pi/Klipper-Adaptive-Meshing-Purging branch --list) successfully finished
2023-07-08 08:20:59,227 [shell_command.py:_check_proc_success()] - Command (git -C /home/pi/Klipper-Adaptive-Meshing-Purging rev-parse HEAD) successfully finished
2023-07-08 08:20:59,247 [shell_command.py:_check_proc_success()] - Command (git -C /home/pi/Klipper-Adaptive-Meshing-Purging describe --always --tags --long --dirty) successfully finished
2023-07-08 08:20:59,262 [shell_command.py:_check_proc_success()] - Command (git -C /home/pi/Klipper-Adaptive-Meshing-Purging rev-parse origin/main) successfully finished
2023-07-08 08:20:59,281 [shell_command.py:_check_proc_success()] - Command (git -C /home/pi/Klipper-Adaptive-Meshing-Purging describe origin/main --always --tags --long) successfully finished
2023-07-08 08:20:59,296 [shell_command.py:_check_proc_success()] - Command (git -C /home/pi/Klipper-Adaptive-Meshing-Purging rev-list --tags --max-count=1) successfully finished
2023-07-08 08:20:59,312 [shell_command.py:_check_proc_success()] - Command (git -C /home/pi/Klipper-Adaptive-Meshing-Purging describe --tags 7414d1d3e9f6a20763799b306d638397b3079852) successfully finished
2023-07-08 08:20:59,328 [shell_command.py:_check_proc_success()] - Command (git -C /home/pi/Klipper-Adaptive-Meshing-Purging log 991a4e117a48f48484de1be133e934e38b9d3e11..origin/main --format="sha:%H%x1Dauthor:%an%x1Ddate:%ct%x1Dsubject:%s%x1Dmessage:%b%x1E" --max-count=100) successfully finished
2023-07-08 08:20:59,344 [shell_command.py:_check_proc_success()] - Command (git -C /home/pi/Klipper-Adaptive-Meshing-Purging for-each-ref --count=10 --sort='-creatordate' --format='%(if)%(*objecttype)%(then)%(*objecttype) %(*objectname)%(else)%(objecttype) %(objectname)%(end) %(refname)' 'refs/tags') successfully finished
2023-07-08 08:20:59,345 [git_deploy.py:log_repo_info()] - Git Repo Klipper-Adaptive-Meshing-Purging Detected:
Owner: kyleisah
Repository Name: Klipper-Adaptive-Meshing-Purging
Path: /home/pi/Klipper-Adaptive-Meshing-Purging
Remote: origin
Branch: main
Remote URL: https://github.com/kyleisah/Klipper-Adaptive-Meshing-Purging.git
Recovery URL: https://github.com/kyleisah/Klipper-Adaptive-Meshing-Purging.git
Current Commit SHA: 991a4e117a48f48484de1be133e934e38b9d3e11
Upstream Commit SHA: 23bee5be0be1c88536cd91a6f203585918566e33
Current Version: v1.0-2
Upstream Version: v1.1.1-1
Is Dirty: False
Is Detached: False
Commits Behind: 9
Diverged: False
2023-07-08 08:20:59,345 [base_deploy.py:log_info()] - Git Repo Klipper-Adaptive-Meshing-Purging: Channel: dev
2023-07-08 08:20:59,345 [base_deploy.py:log_info()] - Git Repo Klipper-Adaptive-Meshing-Purging: Validity check for git repo passed
2023-07-08 08:20:59,369 [shell_command.py:_check_proc_success()] - Command (git -C /home/pi/moonraker-telegram-bot status -u no) successfully finished
2023-07-08 08:20:59,384 [shell_command.py:_check_proc_success()] - Command (git -C /home/pi/moonraker-telegram-bot config --get branch.master.remote) successfully finished
2023-07-08 08:20:59,397 [shell_command.py:_check_proc_success()] - Command (git -C /home/pi/moonraker-telegram-bot remote get-url origin) successfully finished
2023-07-08 08:20:59,937 [shell_command.py:_check_proc_success()] - Command (git -C /home/pi/moonraker-telegram-bot fetch origin --prune --progress) successfully finished
2023-07-08 08:20:59,953 [shell_command.py:_check_proc_success()] - Command (git -C /home/pi/moonraker-telegram-bot merge-base --is-ancestor HEAD origin/master) successfully finished
2023-07-08 08:20:59,967 [shell_command.py:_check_proc_success()] - Command (git -C /home/pi/moonraker-telegram-bot branch --list) successfully finished
2023-07-08 08:20:59,982 [shell_command.py:_check_proc_success()] - Command (git -C /home/pi/moonraker-telegram-bot rev-parse HEAD) successfully finished
2023-07-08 08:20:59,999 [shell_command.py:_check_proc_success()] - Command (git -C /home/pi/moonraker-telegram-bot describe --always --tags --long --dirty) successfully finished
2023-07-08 08:21:00,015 [shell_command.py:_check_proc_success()] - Command (git -C /home/pi/moonraker-telegram-bot rev-parse origin/master) successfully finished
2023-07-08 08:21:00,030 [shell_command.py:_check_proc_success()] - Command (git -C /home/pi/moonraker-telegram-bot describe origin/master --always --tags --long) successfully finished
2023-07-08 08:21:00,046 [shell_command.py:_check_proc_success()] - Command (git -C /home/pi/moonraker-telegram-bot rev-list --tags --max-count=1) successfully finished
2023-07-08 08:21:00,061 [shell_command.py:_check_proc_success()] - Command (git -C /home/pi/moonraker-telegram-bot describe --tags b9b47003e13b8a23af696594aac8ba53c777f5a7) successfully finished
2023-07-08 08:21:00,062 [git_deploy.py:log_repo_info()] - Git Repo moonraker-telegram-bot Detected:
Owner: nlef
Repository Name: moonraker-telegram-bot
Path: /home/pi/moonraker-telegram-bot
Remote: origin
Branch: master
Remote URL: https://github.com/nlef/moonraker-telegram-bot.git
Recovery URL: https://github.com/nlef/moonraker-telegram-bot.git
Current Commit SHA: b9b47003e13b8a23af696594aac8ba53c777f5a7
Upstream Commit SHA: b9b47003e13b8a23af696594aac8ba53c777f5a7
Current Version: v1.5-0
Upstream Version: v1.5-0
Is Dirty: False
Is Detached: False
Commits Behind: 0
Diverged: False
2023-07-08 08:21:00,062 [base_deploy.py:log_info()] - Git Repo moonraker-telegram-bot: Channel: dev
2023-07-08 08:21:00,062 [base_deploy.py:log_info()] - Git Repo moonraker-telegram-bot: Validity check for git repo passed
2023-07-08 08:21:32,301 [shell_command.py:_check_proc_success()] - Command (git -C /home/pi/Klipper-Adaptive-Meshing-Purging fetch origin --prune --progress) successfully finished
2023-07-08 08:21:32,318 [shell_command.py:_check_proc_success()] - Command (git -C /home/pi/Klipper-Adaptive-Meshing-Purging merge-base --is-ancestor HEAD origin/main) successfully finished
2023-07-08 08:21:32,871 [shell_command.py:_check_proc_success()] - Command (git -C /home/pi/Klipper-Adaptive-Meshing-Purging pull --progress) successfully finished
2023-07-08 08:21:32,896 [shell_command.py:_check_proc_success()] - Command (git -C /home/pi/Klipper-Adaptive-Meshing-Purging status -u no) successfully finished
2023-07-08 08:21:32,913 [shell_command.py:_check_proc_success()] - Command (git -C /home/pi/Klipper-Adaptive-Meshing-Purging config --get branch.main.remote) successfully finished
2023-07-08 08:21:32,931 [shell_command.py:_check_proc_success()] - Command (git -C /home/pi/Klipper-Adaptive-Meshing-Purging remote get-url origin) successfully finished
2023-07-08 08:21:32,949 [shell_command.py:_check_proc_success()] - Command (git -C /home/pi/Klipper-Adaptive-Meshing-Purging merge-base --is-ancestor HEAD origin/main) successfully finished
2023-07-08 08:21:32,965 [shell_command.py:_check_proc_success()] - Command (git -C /home/pi/Klipper-Adaptive-Meshing-Purging branch --list) successfully finished
2023-07-08 08:21:32,980 [shell_command.py:_check_proc_success()] - Command (git -C /home/pi/Klipper-Adaptive-Meshing-Purging rev-parse HEAD) successfully finished
2023-07-08 08:21:33,001 [shell_command.py:_check_proc_success()] - Command (git -C /home/pi/Klipper-Adaptive-Meshing-Purging describe --always --tags --long --dirty) successfully finished
2023-07-08 08:21:33,017 [shell_command.py:_check_proc_success()] - Command (git -C /home/pi/Klipper-Adaptive-Meshing-Purging rev-parse origin/main) successfully finished
2023-07-08 08:21:33,036 [shell_command.py:_check_proc_success()] - Command (git -C /home/pi/Klipper-Adaptive-Meshing-Purging describe origin/main --always --tags --long) successfully finished
2023-07-08 08:21:33,053 [shell_command.py:_check_proc_success()] - Command (git -C /home/pi/Klipper-Adaptive-Meshing-Purging rev-list --tags --max-count=1) successfully finished
2023-07-08 08:21:33,069 [shell_command.py:_check_proc_success()] - Command (git -C /home/pi/Klipper-Adaptive-Meshing-Purging describe --tags 7414d1d3e9f6a20763799b306d638397b3079852) successfully finished
2023-07-08 08:21:33,070 [git_deploy.py:log_repo_info()] - Git Repo Klipper-Adaptive-Meshing-Purging Detected:
Owner: kyleisah
Repository Name: Klipper-Adaptive-Meshing-Purging
Path: /home/pi/Klipper-Adaptive-Meshing-Purging
Remote: origin
Branch: main
Remote URL: https://github.com/kyleisah/Klipper-Adaptive-Meshing-Purging.git
Recovery URL: https://github.com/kyleisah/Klipper-Adaptive-Meshing-Purging.git
Current Commit SHA: 23bee5be0be1c88536cd91a6f203585918566e33
Upstream Commit SHA: 23bee5be0be1c88536cd91a6f203585918566e33
Current Version: v1.1.1-1
Upstream Version: v1.1.1-1
Is Dirty: False
Is Detached: False
Commits Behind: 0
Diverged: False
2023-07-08 08:21:33,070 [base_deploy.py:log_info()] - Git Repo Klipper-Adaptive-Meshing-Purging: Channel: dev
2023-07-08 08:21:33,070 [base_deploy.py:log_info()] - Git Repo Klipper-Adaptive-Meshing-Purging: Validity check for git repo passed
2023-07-08 08:21:33,112 [klippy_connection.py:_on_connection_closed()] - Klippy Connection Removed
2023-07-08 08:21:33,388 [common.py:build_error()] - JSON-RPC Request Error - Requested Method: printer.objects.query, Code: 503
Klippy Host not connected
Traceback (most recent call last):
  File "/home/pi/moonraker/moonraker/common.py", line 547, in execute_method
    result = await callback(params)
  File "/home/pi/moonraker/moonraker/websockets.py", line 113, in func
    result = await callback(
  File "/home/pi/moonraker/moonraker/klippy_connection.py", line 512, in request
    raise ServerError("Klippy Host not connected", 503)
moonraker.utils.ServerError: Klippy Host not connected
2023-07-08 08:21:33,393 [common.py:build_error()] - JSON-RPC Request Error - Requested Method: printer.info, Code: 503
Klippy Host not connected
Traceback (most recent call last):
  File "/home/pi/moonraker/moonraker/common.py", line 547, in execute_method
    result = await callback(params)
  File "/home/pi/moonraker/moonraker/websockets.py", line 113, in func
    result = await callback(
  File "/home/pi/moonraker/moonraker/klippy_connection.py", line 512, in request
    raise ServerError("Klippy Host not connected", 503)
moonraker.utils.ServerError: Klippy Host not connected
2023-07-08 08:21:33,396 [common.py:build_error()] - JSON-RPC Request Error - Requested Method: printer.objects.query, Code: 503
Klippy Host not connected
Traceback (most recent call last):
  File "/home/pi/moonraker/moonraker/common.py", line 547, in execute_method
    result = await callback(params)
  File "/home/pi/moonraker/moonraker/websockets.py", line 113, in func
    result = await callback(
  File "/home/pi/moonraker/moonraker/klippy_connection.py", line 512, in request
    raise ServerError("Klippy Host not connected", 503)
moonraker.utils.ServerError: Klippy Host not connected
2023-07-08 08:21:33,870 [klippy_connection.py:_do_connect()] - Klippy Connection Established
2023-07-08 08:21:36,147 [app.py:log_request()] - 404 GET /machine/device_power/devices (127.0.0.1) [No User] 2.53ms
2023-07-08 08:21:36,484 [file_manager.py:get_file_list()] - Updating File List <gcodes>...
2023-07-08 08:21:36,669 [klippy_connection.py:_request_initial_subscriptions()] - Webhooks Subscribed
2023-07-08 08:21:36,671 [klippy_connection.py:_request_initial_subscriptions()] - GCode Output Subscribed
2023-07-08 08:21:36,922 [job_state.py:_handle_started()] - Job state initialized: standby
2023-07-08 08:21:37,213 [klippy_connection.py:_check_ready()] - Klippy ready
2023-07-08 08:21:37,687 [data_store.py:_init_sensors()] - Configuring available sensors: ['heater_bed', 'temperature_sensor raspberry_pi', 'temperature_sensor mcu_temp', 'extruder']
2023-07-08 08:40:24,569 [shell_command.py:run_with_response()] - /home/pi/moonraker-env/bin/python: Object Processing is enabled
INFO:prepropress_cancellation:Shapely not found, complex hulls disabled
Performing Object Processing on file: Whistle_23m_0,16mm_205C_PLA_ENDER3BLTOUCH.gcode, sliced by PrusaSlicer

2023-07-08 08:40:24,569 [shell_command.py:_check_proc_success()] - Command (/home/pi/moonraker-env/bin/python /home/pi/moonraker/moonraker/components/file_manager/metadata.py -p /home/pi/printer_data/gcodes -f "Whistle_23m_0,16mm_205C_PLA_ENDER3BLTOUCH.gcode" --check-objects) successfully finished
2023-07-08 08:40:24,588 [app.py:log_request()] - 201 POST /server/files/upload (192.168.2.11) [_TRUSTED_USER_] 547.46ms
2023-07-08 08:40:24,599 [common.py:build_error()] - JSON-RPC Request Error - Requested Method: server.files.metadata, Code: -32601
Metadata not available for <.thumbs/Whistle_23m_0,16mm_205C_PLA_ENDER3BLTOUCH-32x32.png>
Traceback (most recent call last):
  File "/home/pi/moonraker/moonraker/common.py", line 547, in execute_method
    result = await callback(params)
  File "/home/pi/moonraker/moonraker/websockets.py", line 113, in func
    result = await callback(
  File "/home/pi/moonraker/moonraker/components/file_manager/file_manager.py", line 394, in _handle_metadata_request
    raise self.server.error(
moonraker.utils.ServerError: Metadata not available for <.thumbs/Whistle_23m_0,16mm_205C_PLA_ENDER3BLTOUCH-32x32.png>
2023-07-08 08:40:24,600 [common.py:build_error()] - JSON-RPC Request Error - Requested Method: server.files.metadata, Code: -32601
Metadata not available for <.thumbs/Whistle_23m_0,16mm_205C_PLA_ENDER3BLTOUCH-400x400.png>
Traceback (most recent call last):
  File "/home/pi/moonraker/moonraker/common.py", line 547, in execute_method
    result = await callback(params)
  File "/home/pi/moonraker/moonraker/websockets.py", line 113, in func
    result = await callback(
  File "/home/pi/moonraker/moonraker/components/file_manager/file_manager.py", line 394, in _handle_metadata_request
    raise self.server.error(
moonraker.utils.ServerError: Metadata not available for <.thumbs/Whistle_23m_0,16mm_205C_PLA_ENDER3BLTOUCH-400x400.png>
2023-07-08 08:40:24,719 [job_state.py:_status_update()] - Job Started: Whistle_23m_0,16mm_205C_PLA_ENDER3BLTOUCH.gcode
2023-07-08 08:41:21,387 [job_state.py:_status_update()] - Job Started: Whistle_23m_0,16mm_205C_PLA_ENDER3BLTOUCH.gcode
